SF:lib\core\error\failure.dart
DA:4,6
DA:9,0
DA:10,0
DA:14,0
DA:21,6
DA:29,0
LF:6
LH:2
end_of_record
SF:lib\features\auth\domain\entity\user_entity.dart
DA:14,2
DA:25,1
DA:26,5
LF:3
LH:3
end_of_record
SF:lib\features\auth\domain\use_case\create_user_usecase.dart
DA:15,1
DA:23,0
DA:24,0
DA:30,1
DA:32,1
DA:35,1
DA:37,1
DA:38,1
DA:39,1
DA:42,1
DA:46,2
LF:11
LH:9
end_of_record
SF:lib\features\posts\data\dto\post_dto.dart
DA:14,2
DA:23,1
DA:24,1
DA:27,0
DA:37,2
DA:44,1
DA:45,1
DA:48,0
LF:8
LH:6
end_of_record
SF:lib\features\posts\data\dto\post_dto.g.dart
DA:9,2
DA:10,1
DA:11,2
DA:12,1
DA:13,4
DA:14,1
DA:17,0
DA:18,0
DA:19,0
DA:20,0
DA:21,0
DA:22,0
DA:25,2
DA:26,1
DA:27,1
DA:28,4
DA:31,0
DA:32,0
DA:33,0
DA:34,0
LF:20
LH:10
end_of_record
SF:lib\features\posts\domain\entity\post_entity.dart
DA:9,1
DA:16,1
DA:17,5
LF:3
LH:3
end_of_record
SF:lib\features\posts\domain\use_case\create_post_usecase.dart
DA:12,2
DA:17,1
DA:18,3
DA:24,1
DA:26,1
DA:28,3
DA:30,2
LF:7
LH:7
end_of_record
SF:lib\features\posts\domain\use_case\get_posts_usecase.dart
DA:9,1
DA:10,1
DA:12,2
LF:3
LH:3
end_of_record
SF:lib\features\posts\domain\use_case\upload_image_usecase.dart
DA:11,2
DA:18,1
DA:20,1
DA:22,3
LF:4
LH:4
end_of_record
SF:lib\features\posts\presentation\view_model\post_state.dart
DA:11,1
DA:20,1
DA:21,1
DA:24,1
DA:25,1
DA:29,1
DA:36,1
DA:37,0
DA:38,0
DA:39,1
DA:40,1
DA:41,1
DA:46,1
DA:48,6
LF:14
LH:12
end_of_record
SF:lib\features\posts\presentation\view_model\post_event.dart
DA:4,1
DA:6,0
DA:7,0
DA:14,1
DA:19,0
DA:20,0
DA:26,1
LF:7
LH:3
end_of_record
SF:lib\features\posts\presentation\view_model\post_bloc.dart
DA:19,1
DA:26,2
DA:27,2
DA:28,2
DA:29,2
DA:33,1
DA:34,3
DA:35,3
DA:36,1
DA:37,5
DA:39,1
DA:40,1
DA:42,3
DA:45,0
DA:47,0
DA:48,0
DA:53,1
DA:54,3
DA:57,2
DA:60,2
DA:62,1
DA:63,1
DA:65,3
DA:68,0
DA:70,0
DA:76,1
DA:78,3
DA:81,2
DA:84,1
DA:85,0
DA:89,1
DA:90,3
DA:93,1
LF:33
LH:27
end_of_record
SF:lib\features\auth\domain\use_case\delete_user_usecase.dart
DA:11,1
DA:13,0
DA:15,0
DA:16,0
DA:22,1
DA:24,1
DA:26,3
LF:7
LH:4
end_of_record
SF:lib\features\auth\domain\use_case\get_all_user_usecase.dart
DA:10,1
DA:11,1
DA:13,2
LF:3
LH:3
end_of_record
SF:lib\app\shared_prefs\shared_prefs.dart
DA:8,0
DA:10,0
DA:12,0
DA:13,0
DA:15,0
DA:19,0
DA:21,0
DA:22,0
DA:24,0
DA:28,0
DA:30,0
DA:31,0
DA:33,0
DA:37,0
DA:39,0
DA:40,0
DA:42,0
LF:17
LH:0
end_of_record
SF:lib\features\auth\domain\use_case\login_user_usecase.dart
DA:12,2
DA:18,0
DA:22,0
DA:23,0
DA:30,1
DA:33,1
DA:36,5
DA:37,2
DA:38,0
DA:39,1
DA:41,3
DA:44,2
DA:45,1
DA:46,0
DA:47,0
DA:48,3
DA:52,3
DA:55,2
DA:56,1
DA:57,0
DA:58,0
DA:59,3
DA:62,1
LF:23
LH:15
end_of_record
SF:lib\features\auth\presentation\view\login_screen.dart
DA:7,3
DA:11,1
DA:14,1
DA:15,1
DA:17,1
DA:18,1
DA:19,1
DA:20,1
DA:22,1
DA:25,1
DA:27,1
DA:30,1
DA:48,1
DA:50,1
DA:59,1
DA:61,1
DA:74,1
DA:76,1
DA:77,1
DA:78,1
DA:79,1
DA:80,2
DA:81,1
DA:110,1
DA:112,1
DA:113,0
DA:114,1
DA:115,1
DA:128,1
DA:130,1
DA:138,1
DA:139,0
DA:141,0
DA:142,0
DA:144,0
DA:148,1
DA:149,1
LF:37
LH:32
end_of_record
SF:lib\features\auth\presentation\view_model\login\login_event.dart
DA:4,1
DA:6,0
DA:7,0
DA:14,0
DA:19,0
DA:20,0
DA:27,0
DA:33,0
DA:34,0
DA:42,1
DA:48,0
DA:49,0
LF:12
LH:2
end_of_record
SF:lib\features\auth\presentation\view_model\login\login_state.dart
DA:7,1
DA:13,0
DA:18,0
DA:22,0
DA:23,0
DA:24,0
LF:6
LH:1
end_of_record
SF:lib\features\auth\presentation\view_model\login\login_bloc.dart
DA:19,0
DA:25,0
DA:27,0
DA:28,0
DA:29,0
DA:30,0
DA:31,0
DA:32,0
DA:33,0
DA:34,0
DA:36,0
DA:43,0
DA:44,0
DA:45,0
DA:46,0
DA:47,0
DA:48,0
DA:49,0
DA:50,0
DA:51,0
DA:53,0
DA:60,0
DA:61,0
DA:64,0
DA:67,0
DA:69,0
DA:71,0
DA:72,0
DA:74,0
DA:75,0
DA:76,0
DA:77,0
DA:80,0
DA:84,0
DA:86,0
DA:87,0
DA:88,0
DA:89,0
LF:38
LH:0
end_of_record
SF:lib\app\constants\api_endpoints.dart
DA:2,0
LF:1
LH:0
end_of_record
SF:lib\app\constants\hive_table_constants.dart
DA:2,0
LF:1
LH:0
end_of_record
SF:lib\app\di\di.dart
DA:22,0
DA:24,0
DA:25,0
DA:26,0
DA:27,0
DA:29,0
DA:32,0
DA:33,0
DA:36,0
DA:38,0
DA:41,0
DA:42,0
DA:43,0
DA:46,0
DA:47,0
DA:50,0
DA:52,0
DA:53,0
DA:54,0
DA:55,0
DA:59,0
DA:60,0
DA:61,0
DA:65,0
DA:76,0
DA:77,0
DA:78,0
DA:88,0
DA:89,0
DA:97,0
DA:98,0
DA:100,0
DA:101,0
DA:102,0
DA:107,0
DA:112,0
DA:113,0
DA:115,0
DA:116,0
DA:117,0
DA:118,0
DA:121,0
DA:122,0
DA:123,0
DA:124,0
DA:125,0
DA:130,0
DA:131,0
DA:132,0
DA:136,0
DA:138,0
DA:139,0
DA:140,0
DA:145,0
DA:146,0
DA:150,0
DA:151,0
DA:154,0
DA:155,0
DA:158,0
DA:159,0
DA:162,0
DA:163,0
DA:164,0
DA:165,0
DA:166,0
LF:66
LH:0
end_of_record
SF:lib\core\network\api_service.dart
DA:11,0
DA:13,0
DA:14,0
DA:17,0
DA:18,0
DA:20,0
DA:21,0
DA:26,0
DA:27,0
DA:28,0
DA:31,0
DA:32,0
DA:33,0
DA:36,0
DA:37,0
DA:38,0
DA:39,0
DA:40,0
DA:41,0
DA:43,0
DA:44,0
DA:45,0
DA:46,0
DA:47,0
DA:48,0
DA:49,0
DA:50,0
DA:51,0
DA:52,0
DA:57,0
DA:59,0
DA:61,0
DA:62,0
DA:63,0
DA:65,0
DA:67,0
DA:69,0
DA:70,0
DA:71,0
DA:74,0
DA:78,0
DA:79,0
DA:80,0
DA:81,0
DA:82,0
DA:86,0
DA:87,0
DA:88,0
DA:92,0
DA:93,0
DA:96,0
DA:98,0
DA:100,0
DA:101,0
DA:102,0
DA:109,0
DA:111,0
DA:112,0
DA:114,0
DA:115,0
DA:119,0
DA:120,0
DA:121,0
DA:123,0
DA:124,0
DA:128,0
LF:66
LH:0
end_of_record
SF:lib\core\network\hive_service.dart
DA:7,0
DA:9,0
DA:12,0
DA:15,0
DA:17,0
DA:20,0
DA:21,0
DA:22,0
DA:25,0
DA:26,0
DA:27,0
DA:30,0
DA:31,0
DA:32,0
DA:36,0
DA:37,0
DA:38,0
DA:39,0
DA:40,0
DA:41,0
DA:42,0
DA:43,0
DA:47,0
DA:48,0
DA:51,0
DA:52,0
LF:26
LH:0
end_of_record
SF:lib\features\auth\data\data_source\remote_datasource\user_remote_datasource.dart
DA:11,0
DA:12,0
DA:15,0
DA:17,0
DA:18,0
DA:19,0
DA:20,0
DA:24,0
DA:27,0
DA:29,0
DA:30,0
DA:32,0
DA:36,0
DA:39,0
DA:42,0
DA:45,0
DA:48,0
DA:51,0
DA:53,0
DA:59,0
DA:60,0
DA:61,0
DA:62,0
DA:63,0
DA:66,0
DA:73,0
DA:75,0
DA:76,0
DA:78,0
LF:29
LH:0
end_of_record
SF:lib\features\auth\data\repository\user_remote_repository.dart
DA:11,0
DA:12,0
DA:15,0
DA:16,0
DA:18,0
DA:22,0
DA:25,0
DA:28,0
DA:31,0
DA:34,0
DA:38,0
DA:42,0
DA:46,0
LF:13
LH:0
end_of_record
SF:lib\features\auth\presentation\view_model\registration\register_event.dart
DA:4,1
DA:6,0
DA:7,0
DA:16,1
DA:23,1
DA:24,4
LF:6
LH:4
end_of_record
SF:lib\features\auth\presentation\view_model\registration\register_state.dart
DA:7,1
DA:12,0
DA:16,0
DA:20,0
DA:21,0
DA:22,0
LF:6
LH:1
end_of_record
SF:lib\features\auth\presentation\view_model\registration\register_bloc.dart
DA:13,0
DA:15,0
DA:16,0
DA:20,0
DA:22,0
DA:25,0
DA:26,0
DA:30,0
DA:33,0
DA:34,0
DA:35,0
DA:38,0
DA:39,0
DA:41,0
DA:42,0
DA:43,0
DA:45,0
DA:52,0
LF:18
LH:0
end_of_record
SF:lib\features\dashboard\presentation\view_model\dashboard_cubit.dart
DA:5,0
DA:7,0
DA:8,0
LF:3
LH:0
end_of_record
SF:lib\features\posts\data\data_source\remote_datasource\post_remote_datasource.dart
DA:12,0
DA:13,0
DA:16,0
DA:17,0
DA:18,0
DA:20,0
DA:23,0
DA:25,0
DA:26,0
DA:28,0
DA:32,0
DA:34,0
DA:36,0
DA:39,0
DA:40,0
DA:41,0
DA:43,0
DA:47,0
DA:52,0
DA:57,0
DA:60,0
DA:61,0
DA:62,0
DA:67,0
DA:69,0
DA:70,0
DA:72,0
DA:76,0
DA:80,0
DA:84,0
DA:86,0
DA:89,0
DA:93,0
DA:95,0
DA:96,0
DA:98,0
LF:36
LH:0
end_of_record
SF:lib\features\posts\data\repository\post_remote_repository\post_remote_repository.dart
DA:13,0
DA:14,0
DA:17,0
DA:18,0
DA:20,0
DA:24,0
DA:27,0
DA:28,0
DA:30,0
DA:34,0
DA:37,0
DA:38,0
DA:40,0
DA:41,0
LF:14
LH:0
end_of_record
SF:lib\features\splash\presentation\view_model\splash_cubit.dart
DA:9,0
DA:13,0
DA:14,0
DA:16,0
DA:17,0
DA:20,0
DA:21,0
DA:22,0
DA:24,0
DA:25,0
DA:29,0
DA:31,0
DA:32,0
DA:33,0
LF:14
LH:0
end_of_record
SF:lib\app\widgets\custom_textformfield.dart
DA:10,1
DA:19,1
DA:21,1
DA:23,1
DA:24,1
DA:25,1
DA:26,1
DA:29,2
DA:30,1
DA:34,1
DA:36,1
LF:11
LH:11
end_of_record
SF:lib\app\widgets\flushbar_utils.dart
DA:5,0
DA:13,0
DA:20,0
DA:28,0
LF:4
LH:0
end_of_record
SF:lib\core\error\dio_error_interceptor.dart
DA:4,0
DA:6,0
DA:7,0
DA:8,0
DA:9,0
DA:10,0
DA:11,0
DA:12,0
DA:15,0
DA:16,0
DA:17,0
DA:19,0
DA:24,0
DA:25,0
DA:27,0
DA:30,0
LF:16
LH:0
end_of_record
SF:lib\features\auth\data\model\user_hive_model.dart
DA:37,0
DA:46,0
DA:50,0
DA:54,0
DA:61,0
DA:62,0
DA:63,0
DA:64,0
DA:65,0
DA:66,0
DA:67,0
DA:68,0
DA:69,0
DA:70,0
DA:75,0
DA:77,0
DA:78,0
DA:82,0
DA:83,0
DA:84,0
DA:85,0
DA:86,0
DA:87,0
DA:88,0
DA:89,0
DA:90,0
DA:91,0
DA:95,0
DA:97,0
LF:29
LH:0
end_of_record
SF:lib\features\auth\data\model\user_hive_model.g.dart
DA:13,0
DA:15,0
DA:16,0
DA:17,0
DA:19,0
DA:20,0
DA:21,0
DA:22,0
DA:23,0
DA:24,0
DA:25,0
DA:26,0
DA:27,0
DA:31,0
DA:34,0
DA:35,0
DA:36,0
DA:37,0
DA:38,0
DA:39,0
DA:40,0
DA:41,0
DA:42,0
DA:43,0
DA:44,0
DA:45,0
DA:46,0
DA:47,0
DA:48,0
DA:49,0
DA:50,0
DA:53,0
DA:54,0
DA:56,0
DA:59,0
DA:60,0
DA:61,0
LF:37
LH:0
end_of_record
SF:lib\core\utils\time_ago_formatter.dart
DA:2,0
DA:3,0
DA:4,0
DA:5,0
DA:7,0
DA:8,0
DA:9,0
DA:10,0
DA:11,0
DA:12,0
DA:13,0
DA:14,0
DA:16,0
LF:13
LH:0
end_of_record
SF:lib\features\auth\data\dto\login_dto.dart
DA:13,0
DA:21,0
DA:24,0
DA:25,0
LF:4
LH:0
end_of_record
SF:lib\features\auth\data\dto\login_dto.g.dart
DA:9,0
DA:10,0
DA:11,0
DA:13,0
DA:14,0
DA:15,0
DA:18,0
DA:19,0
DA:20,0
DA:21,0
DA:22,0
LF:11
LH:0
end_of_record
SF:lib\features\auth\data\model\user_api_model.dart
DA:17,0
DA:28,0
DA:35,0
DA:38,0
DA:39,0
DA:40,0
DA:41,0
DA:42,0
DA:43,0
DA:44,0
DA:45,0
DA:47,0
DA:48,0
DA:49,0
DA:51,0
DA:56,0
DA:57,0
DA:58,0
DA:59,0
DA:60,0
DA:61,0
DA:62,0
DA:63,0
DA:65,0
DA:66,0
DA:71,0
DA:72,0
DA:73,0
DA:74,0
DA:75,0
DA:76,0
DA:77,0
DA:78,0
DA:79,0
DA:83,0
DA:84,0
DA:85,0
DA:86,0
DA:87,0
DA:88,0
DA:89,0
DA:90,0
DA:91,0
DA:92,0
DA:97,0
DA:98,0
DA:101,0
DA:102,0
DA:103,0
DA:104,0
DA:105,0
DA:106,0
DA:107,0
DA:108,0
DA:109,0
DA:110,0
LF:56
LH:0
end_of_record
SF:lib\features\auth\presentation\view\registration_screen.dart
DA:11,1
DA:27,1
DA:28,3
DA:29,3
DA:31,3
DA:32,3
DA:33,3
DA:38,1
DA:40,1
DA:41,1
DA:42,1
DA:44,1
DA:45,1
DA:46,1
DA:48,1
DA:50,1
DA:68,1
DA:69,1
DA:71,1
DA:75,1
DA:76,1
DA:78,1
DA:83,1
DA:84,1
DA:86,1
DA:92,1
DA:94,1
DA:95,1
DA:96,3
DA:97,1
DA:98,2
DA:99,2
DA:100,2
DA:107,1
DA:108,1
DA:110,1
DA:112,1
DA:114,2
DA:121,1
DA:123,1
DA:131,1
DA:132,0
DA:133,0
DA:135,0
DA:136,0
DA:137,0
DA:138,0
DA:139,0
DA:140,0
DA:143,0
DA:148,1
DA:150,1
DA:152,1
DA:154,1
DA:155,1
LF:55
LH:46
end_of_record
SF:lib\features\dashboard\presentation\dashboard_view.dart
DA:10,2
DA:12,0
DA:14,0
DA:15,0
DA:16,0
DA:17,0
DA:19,0
DA:20,0
DA:21,0
DA:23,0
DA:24,0
DA:26,0
DA:27,0
DA:28,0
DA:29,0
DA:35,0
DA:36,0
DA:40,0
DA:41,0
DA:47,0
DA:48,0
DA:49,0
DA:52,0
DA:53,0
DA:60,0
DA:61,0
DA:64,0
DA:78,0
DA:79,0
DA:80,0
DA:81,0
LF:31
LH:1
end_of_record
SF:lib\features\dashboard\presentation\view_model\dashboard_state.dart
DA:16,0
DA:21,0
DA:22,0
DA:24,0
DA:25,0
DA:26,0
DA:27,0
DA:29,0
DA:31,0
DA:32,0
DA:33,0
DA:39,0
DA:43,0
DA:44,0
DA:45,0
DA:49,0
DA:50,0
LF:17
LH:0
end_of_record
SF:lib\features\posts\presentation\view\create_post\create_posts.dart
DA:10,0
DA:12,0
DA:13,0
DA:20,0
DA:21,0
DA:22,0
DA:23,0
DA:27,0
DA:28,0
DA:29,0
DA:33,0
DA:35,0
DA:37,0
DA:38,0
DA:39,0
DA:40,0
DA:46,0
DA:50,0
DA:52,0
DA:54,0
DA:56,0
DA:58,0
DA:60,0
DA:62,0
DA:63,0
DA:64,0
DA:65,0
DA:66,0
DA:67,0
DA:72,0
DA:74,0
DA:77,0
DA:78,0
DA:79,0
DA:80,0
DA:86,0
DA:87,0
DA:88,0
DA:89,0
DA:91,0
DA:101,0
DA:102,0
DA:103,0
DA:105,0
DA:106,0
DA:109,0
DA:112,0
DA:115,0
DA:117,0
DA:118,0
DA:121,0
DA:124,0
DA:125,0
DA:127,0
DA:145,0
DA:146,0
DA:147,0
DA:150,0
DA:151,0
DA:152,0
DA:153,0
DA:155,0
DA:157,0
DA:168,0
DA:169,0
DA:170,0
DA:171,0
DA:173,0
DA:174,0
DA:175,0
DA:176,0
DA:177,0
DA:178,0
DA:179,0
DA:180,0
DA:181,0
DA:185,0
DA:188,0
DA:190,0
DA:193,0
DA:199,0
DA:200,0
DA:202,0
DA:203,0
DA:204,0
DA:205,0
DA:206,0
DA:207,0
DA:208,0
DA:209,0
DA:213,0
DA:216,0
DA:218,0
DA:221,0
DA:229,0
DA:230,0
DA:231,0
DA:232,0
DA:233,0
DA:234,0
DA:235,0
DA:236,0
DA:237,0
DA:238,0
DA:242,0
DA:245,0
DA:247,0
DA:250,0
DA:256,0
DA:259,0
DA:260,0
DA:261,0
DA:262,0
DA:263,0
DA:264,0
DA:265,0
DA:266,0
DA:270,0
DA:273,0
DA:275,0
DA:278,0
DA:279,0
DA:289,0
DA:290,0
DA:291,0
DA:292,0
DA:293,0
DA:294,0
DA:295,0
DA:296,0
DA:297,0
DA:298,0
DA:302,0
DA:305,0
DA:307,0
DA:310,0
DA:316,0
DA:319,0
DA:320,0
DA:321,0
DA:322,0
DA:323,0
DA:324,0
DA:325,0
DA:326,0
DA:330,0
DA:333,0
DA:335,0
DA:338,0
DA:339,0
DA:347,0
DA:350,0
DA:351,0
DA:352,0
DA:353,0
DA:368,0
DA:370,0
DA:372,0
DA:373,0
DA:374,0
DA:375,0
DA:376,0
DA:378,0
DA:379,0
DA:380,0
DA:381,0
DA:385,0
DA:387,0
DA:389,0
DA:390,0
DA:402,0
DA:403,0
DA:404,0
DA:406,0
DA:407,0
DA:408,0
DA:409,0
DA:413,0
DA:415,0
DA:417,0
DA:418,0
LF:181
LH:0
end_of_record
SF:lib\features\dashboard\presentation\view\account_screen.dart
DA:4,0
DA:6,0
DA:7,0
DA:15,0
DA:17,0
DA:18,0
DA:19,0
DA:21,0
DA:23,0
DA:24,0
DA:25,0
DA:26,0
DA:33,0
DA:34,0
DA:35,0
DA:36,0
DA:38,0
DA:41,0
DA:45,0
DA:46,0
DA:47,0
DA:48,0
DA:67,0
DA:68,0
DA:69,0
DA:70,0
DA:89,0
DA:90,0
DA:91,0
DA:92,0
DA:133,0
DA:136,0
DA:137,0
DA:139,0
DA:142,0
DA:143,0
DA:145,0
DA:146,0
DA:151,0
DA:164,0
DA:177,0
LF:41
LH:0
end_of_record
SF:lib\features\dashboard\presentation\view\chat_screen.dart
DA:4,0
DA:6,0
DA:7,0
DA:42,0
DA:44,0
DA:45,0
DA:48,0
DA:49,0
DA:50,0
DA:51,0
DA:54,0
DA:56,0
DA:57,0
DA:58,0
DA:59,0
DA:60,0
DA:65,0
DA:67,0
DA:69,0
DA:70,0
DA:72,0
DA:74,0
DA:75,0
DA:76,0
DA:77,0
DA:80,0
DA:81,0
DA:83,0
DA:84,0
DA:85,0
DA:86,0
DA:87,0
DA:92,0
DA:93,0
DA:108,0
DA:109,0
DA:110,0
DA:111,0
DA:112,0
DA:113,0
DA:116,0
DA:117,0
DA:119,0
DA:121,0
DA:122,0
LF:45
LH:0
end_of_record
SF:lib\features\dashboard\presentation\view\home_screen.dart
DA:10,0
DA:12,0
DA:14,0
DA:15,0
DA:16,0
DA:18,0
DA:19,0
DA:20,0
DA:22,0
DA:24,0
DA:25,0
DA:28,0
DA:30,0
DA:42,0
DA:43,0
DA:45,0
DA:46,0
DA:47,0
DA:48,0
DA:53,0
DA:54,0
DA:55,0
DA:58,0
DA:59,0
DA:60,0
DA:63,0
DA:84,0
DA:85,0
DA:86,0
DA:88,0
DA:92,0
DA:93,0
DA:94,0
DA:96,0
DA:97,0
DA:99,0
DA:100,0
DA:101,0
DA:104,0
DA:106,0
DA:120,0
DA:123,0
DA:124,0
DA:125,0
DA:127,0
DA:130,0
DA:131,0
DA:132,0
DA:133,0
DA:134,0
DA:142,0
DA:144,0
DA:145,0
DA:146,0
DA:155,0
DA:157,0
DA:170,0
DA:171,0
DA:173,0
DA:174,0
DA:175,0
DA:191,0
DA:192,0
DA:193,0
DA:212,0
LF:65
LH:0
end_of_record
SF:lib\features\dashboard\presentation\view\search_screen.dart
DA:4,0
DA:6,0
DA:7,0
DA:71,0
DA:72,0
DA:74,0
DA:75,0
DA:78,0
DA:79,0
DA:80,0
DA:81,0
DA:82,0
DA:84,0
DA:85,0
DA:91,0
DA:92,0
DA:93,0
DA:97,0
DA:98,0
DA:101,0
DA:103,0
DA:105,0
DA:106,0
DA:108,0
DA:110,0
DA:111,0
DA:113,0
DA:114,0
DA:120,0
DA:121,0
DA:123,0
DA:126,0
DA:127,0
DA:139,0
DA:140,0
DA:154,0
DA:155,0
DA:156,0
DA:157,0
DA:158,0
DA:159,0
DA:160,0
DA:163,0
DA:167,0
DA:168,0
DA:170,0
DA:172,0
DA:173,0
LF:48
LH:0
end_of_record
